#-----------------------------------------------------------
# Webtalk v2016.2 (64-bit)
# SW Build 1577090 on Thu Jun  2 16:32:40 MDT 2016
# 
# Start of session at: Sun May 26 22:40:10 2019
# Process ID: 5168
# Current directory: C:/FPGAprojects/PCR2019/ublaze_axifpmul/ublaze_axifpmul.sdk/webtalk
# Command line: wbtcv.exe -mode batch -source sdk_webtalk.tcl
# Log file: C:/FPGAprojects/PCR2019/ublaze_axifpmul/ublaze_axifpmul.sdk/webtalk/webtalk.log
# Journal file: C:/FPGAprojects/PCR2019/ublaze_axifpmul/ublaze_axifpmul.sdk/webtalk\webtalk.jou
#-----------------------------------------------------------
source sdk_webtalk.tcl
# webtalk_init -webtalk_dir C:\\FPGAprojects\\PCR2019\\ublaze_axifpmul\\ublaze_axifpmul.sdk\\webtalk
# webtalk_register_client -client project
# webtalk_add_data -client project -key date_generated -value "Dom mai 26 22:40:09 2019" -context "software_version_and_target_device"
# webtalk_add_data -client project -key product_version -value "SDK v2016.2" -context "software_version_and_target_device"
# webtalk_add_data -client project -key build_version -value "2016.2" -context "software_version_and_target_device"
# webtalk_add_data -client project -key os_platform -value "amd64" -context "software_version_and_target_device"
# webtalk_add_data -client project -key registration_id -value "" -context "software_version_and_target_device"
# webtalk_add_data -client project -key tool_flow -value "SDK" -context "software_version_and_target_device"
# webtalk_add_data -client project -key beta -value "false" -context "software_version_and_target_device"
# webtalk_add_data -client project -key route_design -value "NA" -context "software_version_and_target_device"
# webtalk_add_data -client project -key target_family -value "NA" -context "software_version_and_target_device"
# webtalk_add_data -client project -key target_device -value "NA" -context "software_version_and_target_device"
# webtalk_add_data -client project -key target_package -value "NA" -context "software_version_and_target_device"
# webtalk_add_data -client project -key target_speed -value "NA" -context "software_version_and_target_device"
# webtalk_add_data -client project -key random_id -value "ttc89dcq9km5pj6fuid9hg93gn" -context "software_version_and_target_device"
# webtalk_add_data -client project -key project_id -value "2016.2_35" -context "software_version_and_target_device"
# webtalk_add_data -client project -key project_iteration -value "35" -context "software_version_and_target_device"
# webtalk_add_data -client project -key os_name -value "" -context "user_environment"
# webtalk_add_data -client project -key os_release -value "" -context "user_environment"
# webtalk_add_data -client project -key cpu_name -value "" -context "user_environment"
# webtalk_add_data -client project -key cpu_speed -value "" -context "user_environment"
# webtalk_add_data -client project -key total_processors -value "" -context "user_environment"
# webtalk_add_data -client project -key system_ram -value "" -context "user_environment"
# webtalk_register_client -client sdk
# webtalk_add_data -client sdk -key uid -value "1558919596310" -context "sdk\\\\hardware/1558919596310"
# webtalk_add_data -client sdk -key isZynq -value "false" -context "sdk\\\\hardware/1558919596310"
# webtalk_add_data -client sdk -key Processors -value "1" -context "sdk\\\\hardware/1558919596310"
# webtalk_add_data -client sdk -key VivadoVersion -value "2016.2" -context "sdk\\\\hardware/1558919596310"
# webtalk_add_data -client sdk -key Arch -value "artix7" -context "sdk\\\\hardware/1558919596310"
# webtalk_add_data -client sdk -key Device -value "7a35t" -context "sdk\\\\hardware/1558919596310"
# webtalk_add_data -client sdk -key IsHandoff -value "true" -context "sdk\\\\hardware/1558919596310"
# webtalk_add_data -client sdk -key uid -value "1558919619119" -context "sdk\\\\bsp/1558919619119"
# webtalk_add_data -client sdk -key hwid -value "1558919596310" -context "sdk\\\\bsp/1558919619119"
# webtalk_add_data -client sdk -key os -value "standalone" -context "sdk\\\\bsp/1558919619119"
# webtalk_add_data -client sdk -key apptemplate -value "empty_application" -context "sdk\\\\bsp/1558919619119"
# webtalk_add_data -client sdk -key uid -value "1558919632809" -context "sdk\\\\application/1558919632809"
# webtalk_add_data -client sdk -key hwid -value "1558919596310" -context "sdk\\\\application/1558919632809"
# webtalk_add_data -client sdk -key bspid -value "1558919619119" -context "sdk\\\\application/1558919632809"
# webtalk_add_data -client sdk -key newbsp -value "true" -context "sdk\\\\application/1558919632809"
# webtalk_add_data -client sdk -key os -value "standalone" -context "sdk\\\\application/1558919632809"
# webtalk_add_data -client sdk -key apptemplate -value "empty_application" -context "sdk\\\\application/1558919632809"
# webtalk_transmit -clientid 504168048 -regid "" -xml C:\\FPGAprojects\\PCR2019\\ublaze_axifpmul\\ublaze_axifpmul.sdk\\webtalk\\usage_statistics_ext_sdk.xml -html C:\\FPGAprojects\\PCR2019\\ublaze_axifpmul\\ublaze_axifpmul.sdk\\webtalk\\usage_statistics_ext_sdk.html -wdm C:\\FPGAprojects\\PCR2019\\ublaze_axifpmul\\ublaze_axifpmul.sdk\\webtalk\\sdk_webtalk.wdm -intro "<H3>SDK Usage Report</H3><BR>"
# webtalk_terminate
INFO: [Common 17-206] Exiting Webtalk at Sun May 26 22:40:17 2019...
